{"C:\\Users\\KIIT\\Desktop\\book-manager-api\\book-manager-api\\controllers\\bookController.js": {"path":"C:\\Users\\KIIT\\Desktop\\book-manager-api\\book-manager-api\\controllers\\bookController.js","statementMap":{"0":{"start":{"line":1,"column":13},"end":{"line":1,"column":38}},"1":{"start":{"line":4,"column":19},"end":{"line":7,"column":1}},"2":{"start":{"line":5,"column":15},"end":{"line":5,"column":29}},"3":{"start":{"line":6,"column":2},"end":{"line":6,"column":27}},"4":{"start":{"line":10,"column":20},"end":{"line":12,"column":1}},"5":{"start":{"line":11,"column":2},"end":{"line":11,"column":27}},"6":{"start":{"line":15,"column":19},"end":{"line":17,"column":1}},"7":{"start":{"line":16,"column":2},"end":{"line":16,"column":63}},"8":{"start":{"line":20,"column":19},"end":{"line":22,"column":1}},"9":{"start":{"line":21,"column":2},"end":{"line":21,"column":42}},"10":{"start":{"line":24,"column":0},"end":{"line":29,"column":2}}},"fnMap":{"0":{"name":"(anonymous_0)","decl":{"start":{"line":4,"column":19},"end":{"line":4,"column":20}},"loc":{"start":{"line":4,"column":35},"end":{"line":7,"column":1}},"line":4},"1":{"name":"(anonymous_1)","decl":{"start":{"line":10,"column":20},"end":{"line":10,"column":21}},"loc":{"start":{"line":10,"column":32},"end":{"line":12,"column":1}},"line":10},"2":{"name":"(anonymous_2)","decl":{"start":{"line":15,"column":19},"end":{"line":15,"column":20}},"loc":{"start":{"line":15,"column":39},"end":{"line":17,"column":1}},"line":15},"3":{"name":"(anonymous_3)","decl":{"start":{"line":20,"column":19},"end":{"line":20,"column":20}},"loc":{"start":{"line":20,"column":33},"end":{"line":22,"column":1}},"line":20}},"branchMap":{},"s":{"0":1,"1":1,"2":1,"3":1,"4":1,"5":1,"6":1,"7":1,"8":1,"9":1,"10":1},"f":{"0":1,"1":1,"2":1,"3":1},"b":{},"_coverageSchema":"1a1c01bbd47fc00a2c39e90264f33305004495a9","hash":"d19c615941de3b30e4c11fa7e70aaa31a112f601"}
,"C:\\Users\\KIIT\\Desktop\\book-manager-api\\book-manager-api\\models\\Book.js": {"path":"C:\\Users\\KIIT\\Desktop\\book-manager-api\\book-manager-api\\models\\Book.js","statementMap":{"0":{"start":{"line":1,"column":17},"end":{"line":1,"column":36}},"1":{"start":{"line":3,"column":19},"end":{"line":8,"column":2}},"2":{"start":{"line":10,"column":0},"end":{"line":10,"column":52}}},"fnMap":{},"branchMap":{},"s":{"0":4,"1":4,"2":4},"f":{},"b":{},"_coverageSchema":"1a1c01bbd47fc00a2c39e90264f33305004495a9","hash":"59bd2b92b31b2a62e75eb1aa29744d278e26c984"}
,"C:\\Users\\KIIT\\Desktop\\book-manager-api\\book-manager-api\\routes\\books.js": {"path":"C:\\Users\\KIIT\\Desktop\\book-manager-api\\book-manager-api\\routes\\books.js","statementMap":{"0":{"start":{"line":1,"column":16},"end":{"line":1,"column":34}},"1":{"start":{"line":2,"column":15},"end":{"line":2,"column":31}},"2":{"start":{"line":3,"column":13},"end":{"line":3,"column":38}},"3":{"start":{"line":6,"column":0},"end":{"line":54,"column":3}},"4":{"start":{"line":7,"column":16},"end":{"line":7,"column":33}},"5":{"start":{"line":10,"column":2},"end":{"line":12,"column":1}},"6":{"start":{"line":11,"column":2},"end":{"line":11,"column":25}},"7":{"start":{"line":15,"column":20},"end":{"line":30,"column":13}},"8":{"start":{"line":15,"column":38},"end":{"line":30,"column":3}},"9":{"start":{"line":32,"column":2},"end":{"line":53,"column":5}},"10":{"start":{"line":56,"column":0},"end":{"line":56,"column":24}},"11":{"start":{"line":59,"column":0},"end":{"line":62,"column":3}},"12":{"start":{"line":60,"column":15},"end":{"line":60,"column":49}},"13":{"start":{"line":61,"column":2},"end":{"line":61,"column":17}},"14":{"start":{"line":65,"column":0},"end":{"line":69,"column":3}},"15":{"start":{"line":66,"column":18},"end":{"line":66,"column":36}},"16":{"start":{"line":67,"column":2},"end":{"line":67,"column":23}},"17":{"start":{"line":68,"column":2},"end":{"line":68,"column":32}},"18":{"start":{"line":72,"column":0},"end":{"line":75,"column":3}},"19":{"start":{"line":73,"column":18},"end":{"line":73,"column":86}},"20":{"start":{"line":74,"column":2},"end":{"line":74,"column":20}},"21":{"start":{"line":78,"column":0},"end":{"line":81,"column":3}},"22":{"start":{"line":79,"column":2},"end":{"line":79,"column":46}},"23":{"start":{"line":80,"column":2},"end":{"line":80,"column":40}},"24":{"start":{"line":83,"column":0},"end":{"line":83,"column":24}}},"fnMap":{"0":{"name":"(anonymous_0)","decl":{"start":{"line":6,"column":16},"end":{"line":6,"column":17}},"loc":{"start":{"line":6,"column":36},"end":{"line":54,"column":1}},"line":6},"1":{"name":"(anonymous_1)","decl":{"start":{"line":15,"column":30},"end":{"line":15,"column":31}},"loc":{"start":{"line":15,"column":38},"end":{"line":30,"column":3}},"line":15},"2":{"name":"(anonymous_2)","decl":{"start":{"line":59,"column":19},"end":{"line":59,"column":20}},"loc":{"start":{"line":59,"column":39},"end":{"line":62,"column":1}},"line":59},"3":{"name":"(anonymous_3)","decl":{"start":{"line":65,"column":17},"end":{"line":65,"column":18}},"loc":{"start":{"line":65,"column":37},"end":{"line":69,"column":1}},"line":65},"4":{"name":"(anonymous_4)","decl":{"start":{"line":72,"column":19},"end":{"line":72,"column":20}},"loc":{"start":{"line":72,"column":39},"end":{"line":75,"column":1}},"line":72},"5":{"name":"(anonymous_5)","decl":{"start":{"line":78,"column":22},"end":{"line":78,"column":23}},"loc":{"start":{"line":78,"column":42},"end":{"line":81,"column":1}},"line":78}},"branchMap":{"0":{"loc":{"start":{"line":10,"column":2},"end":{"line":12,"column":1}},"type":"if","locations":[{"start":{"line":10,"column":2},"end":{"line":12,"column":1}},{"start":{},"end":{}}],"line":10},"1":{"loc":{"start":{"line":10,"column":6},"end":{"line":10,"column":76}},"type":"binary-expr","locations":[{"start":{"line":10,"column":6},"end":{"line":10,"column":25}},{"start":{"line":10,"column":29},"end":{"line":10,"column":76}}],"line":10}},"s":{"0":3,"1":3,"2":3,"3":3,"4":4,"5":4,"6":4,"7":0,"8":0,"9":0,"10":3,"11":3,"12":0,"13":0,"14":3,"15":3,"16":3,"17":3,"18":3,"19":3,"20":3,"21":3,"22":3,"23":3,"24":3},"f":{"0":4,"1":0,"2":0,"3":3,"4":3,"5":3},"b":{"0":[4,0],"1":[4,3]},"_coverageSchema":"1a1c01bbd47fc00a2c39e90264f33305004495a9","hash":"11c4767c000fddd6865ca740a512ccfe3d3bb566"}
}
